07-12-2017 @ 02:37:36 - Error: Unable to verify domain - Invalid API Key provided: "sk_test_**********************2K —". This key contains at least one space. Please delete the spaces and try again. If you have any questions, we can help at https://support.stripe.com/.
07-12-2017 @ 02:37:46 - Error: Unable to verify domain - Invalid API Key provided: "sk_test_**********************2K —". This key contains at least one space. Please delete the spaces and try again. If you have any questions, we can help at https://support.stripe.com/.
07-12-2017 @ 02:37:46 - Error: Unable to verify domain - Invalid API Key provided: "sk_test_**********************2K —". This key contains at least one space. Please delete the spaces and try again. If you have any questions, we can help at https://support.stripe.com/.
07-12-2017 @ 02:40:03 - Info: Begin processing payment for order 11184 for the amount of 1495.00
07-12-2017 @ 02:40:03 - charges request: Array
(
    [currency] => usd
    [amount] => 149500
    [description] => Omnikron - Order 11184
    [capture] => true
    [expand[]] => balance_transaction
    [metadata] => Array
        (
            [Customer Name] => elle suico
            [Customer Email] => socialmediasolutionsph-buyer@gmail.com
        )

    [source] => tok_1AealfJYIcFFxVEnJkMTmGt8
)

07-12-2017 @ 02:40:03 - Error: Invalid ASCII characters found in API key: "sk_test_aEiSxc7oAi4qtyNCCitstc2K \xE2\x80\x94:".  For assistance, please contact support@stripe.com.
07-12-2017 @ 02:40:49 - Error: Unable to verify domain - Invalid API Key provided: "sk_test_**********************2K —". This key contains at least one space. Please delete the spaces and try again. If you have any questions, we can help at https://support.stripe.com/.
07-12-2017 @ 02:40:50 - Your domain has been verified with Apple Pay!
07-12-2017 @ 02:41:40 - Info: Begin processing payment for order 11184 for the amount of 1495.00
07-12-2017 @ 02:41:40 - charges request: Array
(
    [currency] => usd
    [amount] => 149500
    [description] => Omnikron - Order 11184
    [capture] => true
    [expand[]] => balance_transaction
    [metadata] => Array
        (
            [Customer Name] => elle suico
            [Customer Email] => socialmediasolutionsph-buyer@gmail.com
        )

    [source] => tok_1AeanEJYIcFFxVEnSDNTV2ps
)

07-12-2017 @ 02:41:41 - Processing response: stdClass Object
(
    [id] => ch_1AeanIJYIcFFxVEnevOgyLH3
    [object] => charge
    [amount] => 149500
    [amount_refunded] => 0
    [application] => 
    [application_fee] => 
    [balance_transaction] => stdClass Object
        (
            [id] => txn_1AeanIJYIcFFxVEnbHdM3Zxa
            [object] => balance_transaction
            [amount] => 149500
            [available_on] => 1499827300
            [created] => 1499827300
            [currency] => usd
            [description] => Omnikron - Order 11184
            [fee] => 4366
            [fee_details] => Array
                (
                    [0] => stdClass Object
                        (
                            [amount] => 4366
                            [application] => 
                            [currency] => usd
                            [description] => Stripe processing fees
                            [type] => stripe_fee
                        )

                )

            [net] => 145134
            [source] => ch_1AeanIJYIcFFxVEnevOgyLH3
            [sourced_transfers] => stdClass Object
                (
                    [object] => list
                    [data] => Array
                        (
                        )

                    [has_more] => 
                    [total_count] => 0
                    [url] => /v1/transfers?source_transaction=ch_1AeanIJYIcFFxVEnevOgyLH3
                )

            [status] => available
            [type] => charge
        )

    [captured] => 1
    [created] => 1499827300
    [currency] => usd
    [customer] => 
    [description] => Omnikron - Order 11184
    [destination] => 
    [dispute] => 
    [failure_code] => 
    [failure_message] => 
    [fraud_details] => stdClass Object
        (
        )

    [invoice] => 
    [livemode] => 
    [metadata] => stdClass Object
        (
            [Customer Name] => elle suico
            [Customer Email] => socialmediasolutionsph-buyer@gmail.com
        )

    [on_behalf_of] => 
    [order] => 
    [outcome] => stdClass Object
        (
            [network_status] => approved_by_network
            [reason] => 
            [risk_level] => normal
            [seller_message] => Payment complete.
            [type] => authorized
        )

    [paid] => 1
    [receipt_email] => 
    [receipt_number] => 
    [refunded] => 
    [refunds] => stdClass Object
        (
            [object] => list
            [data] => Array
                (
                )

            [has_more] => 
            [total_count] => 0
            [url] => /v1/charges/ch_1AeanIJYIcFFxVEnevOgyLH3/refunds
        )

    [review] => 
    [shipping] => 
    [source] => stdClass Object
        (
            [id] => card_1AeanEJYIcFFxVEn2jr0mtFi
            [object] => card
            [address_city] => 
            [address_country] => 
            [address_line1] => 
            [address_line1_check] => 
            [address_line2] => 
            [address_state] => 
            [address_zip] => 
            [address_zip_check] => 
            [brand] => Visa
            [country] => US
            [customer] => 
            [cvc_check] => pass
            [dynamic_last4] => 
            [exp_month] => 12
            [exp_year] => 2020
            [fingerprint] => ABU6Fa33DWGEwlQ6
            [funding] => credit
            [last4] => 0077
            [metadata] => stdClass Object
                (
                )

            [name] => socialmediasolutionsph-buyer@gmail.com
            [tokenization_method] => 
        )

    [source_transfer] => 
    [statement_descriptor] => 
    [status] => succeeded
    [transfer_group] => 
)

07-12-2017 @ 02:41:41 - Success: Stripe charge complete (Charge ID: ch_1AeanIJYIcFFxVEnevOgyLH3)
07-12-2017 @ 02:44:05 - Apple Pay: Apple Pay not enabled or Stripe is not an available gateway ( Apple Pay button disabled )
07-12-2017 @ 02:44:05 - Apple Pay: Apple Pay not enabled or Stripe is not an available gateway ( Apple Pay button disabled )
07-12-2017 @ 02:47:40 - Info: Begin processing payment for order 11186 for the amount of 1495.00
07-12-2017 @ 02:47:40 - charges request: Array
(
    [currency] => usd
    [amount] => 149500
    [description] => Omnikron - Order 11186
    [capture] => true
    [expand[]] => balance_transaction
    [metadata] => Array
        (
            [Customer Name] => ELle Suico
            [Customer Email] => socialmediasolutionsph-buyer@gmail.com
        )

    [source] => tok_1Aeat4JYIcFFxVEnLyt3pl33
)

07-12-2017 @ 02:47:40 - Processing response: stdClass Object
(
    [id] => ch_1Aeat6JYIcFFxVEnt4ZNO1fi
    [object] => charge
    [amount] => 149500
    [amount_refunded] => 0
    [application] => 
    [application_fee] => 
    [balance_transaction] => stdClass Object
        (
            [id] => txn_1Aeat6JYIcFFxVEn0qrZYSph
            [object] => balance_transaction
            [amount] => 149500
            [available_on] => 1499827660
            [created] => 1499827660
            [currency] => usd
            [description] => Omnikron - Order 11186
            [fee] => 4366
            [fee_details] => Array
                (
                    [0] => stdClass Object
                        (
                            [amount] => 4366
                            [application] => 
                            [currency] => usd
                            [description] => Stripe processing fees
                            [type] => stripe_fee
                        )

                )

            [net] => 145134
            [source] => ch_1Aeat6JYIcFFxVEnt4ZNO1fi
            [sourced_transfers] => stdClass Object
                (
                    [object] => list
                    [data] => Array
                        (
                        )

                    [has_more] => 
                    [total_count] => 0
                    [url] => /v1/transfers?source_transaction=ch_1Aeat6JYIcFFxVEnt4ZNO1fi
                )

            [status] => available
            [type] => charge
        )

    [captured] => 1
    [created] => 1499827660
    [currency] => usd
    [customer] => 
    [description] => Omnikron - Order 11186
    [destination] => 
    [dispute] => 
    [failure_code] => 
    [failure_message] => 
    [fraud_details] => stdClass Object
        (
        )

    [invoice] => 
    [livemode] => 
    [metadata] => stdClass Object
        (
            [Customer Name] => ELle Suico
            [Customer Email] => socialmediasolutionsph-buyer@gmail.com
        )

    [on_behalf_of] => 
    [order] => 
    [outcome] => stdClass Object
        (
            [network_status] => approved_by_network
            [reason] => 
            [risk_level] => normal
            [seller_message] => Payment complete.
            [type] => authorized
        )

    [paid] => 1
    [receipt_email] => 
    [receipt_number] => 
    [refunded] => 
    [refunds] => stdClass Object
        (
            [object] => list
            [data] => Array
                (
                )

            [has_more] => 
            [total_count] => 0
            [url] => /v1/charges/ch_1Aeat6JYIcFFxVEnt4ZNO1fi/refunds
        )

    [review] => 
    [shipping] => 
    [source] => stdClass Object
        (
            [id] => card_1Aeat4JYIcFFxVEnvztOPh1z
            [object] => card
            [address_city] => Woodland Hills
            [address_country] => US
            [address_line1] =>  20920 Warner Center Lane
            [address_line1_check] => pass
            [address_line2] => Suite A
            [address_state] => CA
            [address_zip] => 91367
            [address_zip_check] => pass
            [brand] => Visa
            [country] => US
            [customer] => 
            [cvc_check] => pass
            [dynamic_last4] => 
            [exp_month] => 2
            [exp_year] => 2020
            [fingerprint] => ABU6Fa33DWGEwlQ6
            [funding] => credit
            [last4] => 0077
            [metadata] => stdClass Object
                (
                )

            [name] => ELle Suico
            [tokenization_method] => 
        )

    [source_transfer] => 
    [statement_descriptor] => 
    [status] => succeeded
    [transfer_group] => 
)

07-12-2017 @ 02:47:41 - Success: Stripe charge complete (Charge ID: ch_1Aeat6JYIcFFxVEnt4ZNO1fi)
07-12-2017 @ 02:53:49 - Apple Pay: Apple Pay not enabled or Stripe is not an available gateway ( Apple Pay button disabled )
07-12-2017 @ 02:53:49 - Apple Pay: Apple Pay not enabled or Stripe is not an available gateway ( Apple Pay button disabled )
07-12-2017 @ 02:54:23 - Apple Pay: Apple Pay not enabled or Stripe is not an available gateway ( Apple Pay button disabled )
07-12-2017 @ 02:54:23 - Apple Pay: Apple Pay not enabled or Stripe is not an available gateway ( Apple Pay button disabled )
07-12-2017 @ 02:54:28 - Apple Pay: Apple Pay not enabled or Stripe is not an available gateway ( Apple Pay button disabled )
07-12-2017 @ 02:54:28 - Apple Pay: Apple Pay not enabled or Stripe is not an available gateway ( Apple Pay button disabled )
